This file contains any messages produced by compilers while
running configure, to aid debugging if configure makes a mistake.

It was created by mozjpeg configure 3.2, which was
generated by GNU Autoconf 2.69.  Invocation command line was

  $ ./configure --disable-shared --disable-dependency-tracking --with-jpeg8 --prefix=/app/node_modules/mozjpeg/vendor --bindir=/app/node_modules/mozjpeg/vendor --libdir=/app/node_modules/mozjpeg/vendor

## --------- ##
## Platform. ##
## --------- ##

hostname = e6b5274ab4c2
uname -m = x86_64
uname -r = 5.15.49-linuxkit-pr
uname -s = Linux
uname -v = #1 SMP Thu May 25 07:17:40 UTC 2023

/usr/bin/uname -p = unknown
/bin/uname -X     = unknown

/bin/arch              = unknown
/usr/bin/arch -k       = unknown
/usr/convex/getsysinfo = unknown
/usr/bin/hostinfo      = unknown
/bin/machine           = unknown
/usr/bin/oslevel       = unknown
/bin/universe          = unknown

PATH: /usr/local/lib/node_modules/npm/bin/node-gyp-bin
PATH: /app/node_modules/mozjpeg/node_modules/.bin
PATH: /app/node_modules/.bin
PATH: /usr/local/sbin
PATH: /usr/local/bin
PATH: /usr/sbin
PATH: /usr/bin
PATH: /sbin
PATH: /bin


## ----------- ##
## Core tests. ##
## ----------- ##

configure:2679: checking for a BSD-compatible install
configure:2747: result: /usr/bin/install -c
configure:2758: checking whether build environment is sane
configure:2813: result: yes
configure:2964: checking for a thread-safe mkdir -p
configure:3003: result: /bin/mkdir -p
configure:3010: checking for gawk
configure:3040: result: no
configure:3010: checking for mawk
configure:3026: found /usr/bin/mawk
configure:3037: result: mawk
configure:3048: checking whether make sets $(MAKE)
configure:3070: result: yes
configure:3099: checking whether make supports nested variables
configure:3116: result: yes
configure:3255: checking whether make supports nested variables
configure:3272: result: yes
configure:3299: checking for style of include used by make
configure:3327: result: GNU
configure:3398: checking for gcc
configure:3414: found /usr/bin/gcc
configure:3425: result: gcc
configure:3654: checking for C compiler version
configure:3663: gcc --version >&5
gcc (Debian 4.9.2-10) 4.9.2
Copyright (C) 2014 Free Software Foundation, Inc.
This is free software; see the source for copying conditions.  There is NO
warranty; not even for MERCHANTABILITY or FITNESS FOR A PARTICULAR PURPOSE.

configure:3674: $? = 0
configure:3663: gcc -v >&5
Using built-in specs.
COLLECT_GCC=gcc
COLLECT_LTO_WRAPPER=/usr/lib/gcc/x86_64-linux-gnu/4.9/lto-wrapper
Target: x86_64-linux-gnu
Configured with: ../src/configure -v --with-pkgversion='Debian 4.9.2-10' --with-bugurl=file:///usr/share/doc/gcc-4.9/README.Bugs --enable-languages=c,c++,java,go,d,fortran,objc,obj-c++ --prefix=/usr --program-suffix=-4.9 --enable-shared --enable-linker-build-id --libexecdir=/usr/lib --without-included-gettext --enable-threads=posix --with-gxx-include-dir=/usr/include/c++/4.9 --libdir=/usr/lib --enable-nls --with-sysroot=/ --enable-clocale=gnu --enable-libstdcxx-debug --enable-libstdcxx-time=yes --enable-gnu-unique-object --disable-vtable-verify --enable-plugin --with-system-zlib --disable-browser-plugin --enable-java-awt=gtk --enable-gtk-cairo --with-java-home=/usr/lib/jvm/java-1.5.0-gcj-4.9-amd64/jre --enable-java-home --with-jvm-root-dir=/usr/lib/jvm/java-1.5.0-gcj-4.9-amd64 --with-jvm-jar-dir=/usr/lib/jvm-exports/java-1.5.0-gcj-4.9-amd64 --with-arch-directory=amd64 --with-ecj-jar=/usr/share/java/eclipse-ecj.jar --enable-objc-gc --enable-multiarch --with-arch-32=i586 --with-abi=m64 --with-multilib-list=m32,m64,mx32 --enable-multilib --with-tune=generic --enable-checking=release --build=x86_64-linux-gnu --host=x86_64-linux-gnu --target=x86_64-linux-gnu
Thread model: posix
gcc version 4.9.2 (Debian 4.9.2-10) 
configure:3674: $? = 0
configure:3663: gcc -V >&5
gcc: error: unrecognized command line option '-V'
gcc: fatal error: no input files
compilation terminated.
configure:3674: $? = 4
configure:3663: gcc -qversion >&5
gcc: error: unrecognized command line option '-qversion'
gcc: fatal error: no input files
compilation terminated.
configure:3674: $? = 4
configure:3694: checking whether the C compiler works
configure:3716: gcc    conftest.c  >&5
configure:3720: $? = 0
configure:3768: result: yes
configure:3771: checking for C compiler default output file name
configure:3773: result: a.out
configure:3779: checking for suffix of executables
configure:3786: gcc -o conftest    conftest.c  >&5
configure:3790: $? = 0
configure:3812: result: 
configure:3834: checking whether we are cross compiling
configure:3842: gcc -o conftest    conftest.c  >&5
configure:3846: $? = 0
configure:3853: ./conftest
configure:3857: $? = 0
configure:3872: result: no
configure:3877: checking for suffix of object files
configure:3899: gcc -c   conftest.c >&5
configure:3903: $? = 0
configure:3924: result: o
configure:3928: checking whether we are using the GNU C compiler
configure:3947: gcc -c   conftest.c >&5
configure:3947: $? = 0
configure:3956: result: yes
configure:3965: checking whether gcc accepts -g
configure:3985: gcc -c -g  conftest.c >&5
configure:3985: $? = 0
configure:4026: result: yes
configure:4043: checking for gcc option to accept ISO C89
configure:4106: gcc  -c -g -O2  conftest.c >&5
configure:4106: $? = 0
configure:4119: result: none needed
configure:4144: checking whether gcc understands -c and -o together
configure:4166: gcc -c conftest.c -o conftest2.o
configure:4169: $? = 0
configure:4166: gcc -c conftest.c -o conftest2.o
configure:4169: $? = 0
configure:4181: result: yes
configure:4200: checking dependency style of gcc
configure:4311: result: none
configure:4331: checking how to run the C preprocessor
configure:4362: gcc -E  conftest.c
configure:4362: $? = 0
configure:4376: gcc -E  conftest.c
conftest.c:11:28: fatal error: ac_nonexistent.h: No such file or directory
 #include <ac_nonexistent.h>
                            ^
compilation terminated.
configure:4376: $? = 1
configure: failed program was:
| /* confdefs.h */
| #define PACKAGE_NAME "mozjpeg"
| #define PACKAGE_TARNAME "mozjpeg"
| #define PACKAGE_VERSION "3.2"
| #define PACKAGE_STRING "mozjpeg 3.2"
| #define PACKAGE_BUGREPORT ""
| #define PACKAGE_URL ""
| #define PACKAGE "mozjpeg"
| #define VERSION "3.2"
| /* end confdefs.h.  */
| #include <ac_nonexistent.h>
configure:4401: result: gcc -E
configure:4421: gcc -E  conftest.c
configure:4421: $? = 0
configure:4435: gcc -E  conftest.c
conftest.c:11:28: fatal error: ac_nonexistent.h: No such file or directory
 #include <ac_nonexistent.h>
                            ^
compilation terminated.
configure:4435: $? = 1
configure: failed program was:
| /* confdefs.h */
| #define PACKAGE_NAME "mozjpeg"
| #define PACKAGE_TARNAME "mozjpeg"
| #define PACKAGE_VERSION "3.2"
| #define PACKAGE_STRING "mozjpeg 3.2"
| #define PACKAGE_BUGREPORT ""
| #define PACKAGE_URL ""
| #define PACKAGE "mozjpeg"
| #define VERSION "3.2"
| /* end confdefs.h.  */
| #include <ac_nonexistent.h>
configure:4511: checking for gcc
configure:4538: result: gcc
configure:4767: checking for C compiler version
configure:4776: gcc --version >&5
gcc (Debian 4.9.2-10) 4.9.2
Copyright (C) 2014 Free Software Foundation, Inc.
This is free software; see the source for copying conditions.  There is NO
warranty; not even for MERCHANTABILITY or FITNESS FOR A PARTICULAR PURPOSE.

configure:4787: $? = 0
configure:4776: gcc -v >&5
Using built-in specs.
COLLECT_GCC=gcc
COLLECT_LTO_WRAPPER=/usr/lib/gcc/x86_64-linux-gnu/4.9/lto-wrapper
Target: x86_64-linux-gnu
Configured with: ../src/configure -v --with-pkgversion='Debian 4.9.2-10' --with-bugurl=file:///usr/share/doc/gcc-4.9/README.Bugs --enable-languages=c,c++,java,go,d,fortran,objc,obj-c++ --prefix=/usr --program-suffix=-4.9 --enable-shared --enable-linker-build-id --libexecdir=/usr/lib --without-included-gettext --enable-threads=posix --with-gxx-include-dir=/usr/include/c++/4.9 --libdir=/usr/lib --enable-nls --with-sysroot=/ --enable-clocale=gnu --enable-libstdcxx-debug --enable-libstdcxx-time=yes --enable-gnu-unique-object --disable-vtable-verify --enable-plugin --with-system-zlib --disable-browser-plugin --enable-java-awt=gtk --enable-gtk-cairo --with-java-home=/usr/lib/jvm/java-1.5.0-gcj-4.9-amd64/jre --enable-java-home --with-jvm-root-dir=/usr/lib/jvm/java-1.5.0-gcj-4.9-amd64 --with-jvm-jar-dir=/usr/lib/jvm-exports/java-1.5.0-gcj-4.9-amd64 --with-arch-directory=amd64 --with-ecj-jar=/usr/share/java/eclipse-ecj.jar --enable-objc-gc --enable-multiarch --with-arch-32=i586 --with-abi=m64 --with-multilib-list=m32,m64,mx32 --enable-multilib --with-tune=generic --enable-checking=release --build=x86_64-linux-gnu --host=x86_64-linux-gnu --target=x86_64-linux-gnu
Thread model: posix
gcc version 4.9.2 (Debian 4.9.2-10) 
configure:4787: $? = 0
configure:4776: gcc -V >&5
gcc: error: unrecognized command line option '-V'
gcc: fatal error: no input files
compilation terminated.
configure:4787: $? = 4
configure:4776: gcc -qversion >&5
gcc: error: unrecognized command line option '-qversion'
gcc: fatal error: no input files
compilation terminated.
configure:4787: $? = 4
configure:4791: checking whether we are using the GNU C compiler
configure:4819: result: yes
configure:4828: checking whether gcc accepts -g
configure:4889: result: yes
configure:4906: checking for gcc option to accept ISO C89
configure:4982: result: none needed
configure:5007: checking whether gcc understands -c and -o together
configure:5044: result: yes
configure:5063: checking dependency style of gcc
configure:5174: result: none
configure:5239: checking for ar
configure:5255: found /usr/bin/ar
configure:5266: result: ar
configure:5292: checking the archiver (ar) interface
configure:5308: gcc -c -g -O2  conftest.c >&5
configure:5308: $? = 0
configure:5310: ar cru libconftest.a conftest.o >&5
configure:5313: $? = 0
configure:5341: result: ar
configure:5370: checking dependency style of gcc
configure:5479: result: none
configure:5598: checking the archiver (ar) interface
configure:5647: result: ar
configure:5696: checking build system type
configure:5710: result: x86_64-unknown-linux-gnu
configure:5730: checking host system type
configure:5743: result: x86_64-unknown-linux-gnu
configure:5784: checking how to print strings
configure:5811: result: printf
configure:5832: checking for a sed that does not truncate output
configure:5896: result: /bin/sed
configure:5914: checking for grep that handles long lines and -e
configure:5972: result: /bin/grep
configure:5977: checking for egrep
configure:6039: result: /bin/grep -E
configure:6044: checking for fgrep
configure:6106: result: /bin/grep -F
configure:6141: checking for ld used by gcc
configure:6208: result: /usr/bin/ld
configure:6215: checking if the linker (/usr/bin/ld) is GNU ld
configure:6230: result: yes
configure:6242: checking for BSD- or MS-compatible name lister (nm)
configure:6291: result: /usr/bin/nm -B
configure:6421: checking the name lister (/usr/bin/nm -B) interface
configure:6428: gcc -c -g -O2  conftest.c >&5
configure:6431: /usr/bin/nm -B "conftest.o"
configure:6434: output
0000000000000000 B some_variable
configure:6441: result: BSD nm
configure:6444: checking whether ln -s works
configure:6448: result: yes
configure:6456: checking the maximum length of command line arguments
configure:6587: result: 1572864
configure:6604: checking whether the shell understands some XSI constructs
configure:6614: result: yes
configure:6618: checking whether the shell understands "+="
configure:6624: result: yes
configure:6659: checking how to convert x86_64-unknown-linux-gnu file names to x86_64-unknown-linux-gnu format
configure:6699: result: func_convert_file_noop
configure:6706: checking how to convert x86_64-unknown-linux-gnu file names to toolchain format
configure:6726: result: func_convert_file_noop
configure:6733: checking for /usr/bin/ld option to reload object files
configure:6740: result: -r
configure:6814: checking for objdump
configure:6830: found /usr/bin/objdump
configure:6841: result: objdump
configure:6873: checking how to recognize dependent libraries
configure:7071: result: pass_all
configure:7156: checking for dlltool
configure:7186: result: no
configure:7216: checking how to associate runtime and link libraries
configure:7243: result: printf %s\n
configure:7367: checking for archiver @FILE support
configure:7384: gcc -c -g -O2  conftest.c >&5
configure:7384: $? = 0
configure:7387: ar cru libconftest.a @conftest.lst >&5
configure:7390: $? = 0
configure:7395: ar cru libconftest.a @conftest.lst >&5
ar: conftest.o: No such file or directory
configure:7398: $? = 1
configure:7410: result: @
configure:7468: checking for strip
configure:7484: found /usr/bin/strip
configure:7495: result: strip
configure:7567: checking for ranlib
configure:7583: found /usr/bin/ranlib
configure:7594: result: ranlib
configure:7696: checking command to parse /usr/bin/nm -B output from gcc object
configure:7816: gcc -c -g -O2  conftest.c >&5
configure:7819: $? = 0
configure:7823: /usr/bin/nm -B conftest.o \| sed -n -e 's/^.*[ ]\([ABCDGIRSTW][ABCDGIRSTW]*\)[ ][ ]*\([_A-Za-z][_A-Za-z0-9]*\)$/\1 \2 \2/p' | sed '/ __gnu_lto/d' \> conftest.nm
configure:7826: $? = 0
configure:7892: gcc -o conftest -g -O2   conftest.c conftstm.o >&5
configure:7895: $? = 0
configure:7933: result: ok
configure:7970: checking for sysroot
configure:8000: result: no
configure:8077: gcc -c -g -O2  conftest.c >&5
configure:8080: $? = 0
configure:8269: checking for mt
configure:8299: result: no
configure:8319: checking if : is a manifest tool
configure:8325: : '-?'
configure:8333: result: no
configure:8971: checking for ANSI C header files
configure:8991: gcc -c -g -O2  conftest.c >&5
configure:8991: $? = 0
configure:9064: gcc -o conftest -g -O2   conftest.c  >&5
configure:9064: $? = 0
configure:9064: ./conftest
configure:9064: $? = 0
configure:9075: result: yes
configure:9088: checking for sys/types.h
configure:9088: gcc -c -g -O2  conftest.c >&5
configure:9088: $? = 0
configure:9088: result: yes
configure:9088: checking for sys/stat.h
configure:9088: gcc -c -g -O2  conftest.c >&5
configure:9088: $? = 0
configure:9088: result: yes
configure:9088: checking for stdlib.h
configure:9088: gcc -c -g -O2  conftest.c >&5
configure:9088: $? = 0
configure:9088: result: yes
configure:9088: checking for string.h
configure:9088: gcc -c -g -O2  conftest.c >&5
configure:9088: $? = 0
configure:9088: result: yes
configure:9088: checking for memory.h
configure:9088: gcc -c -g -O2  conftest.c >&5
configure:9088: $? = 0
configure:9088: result: yes
configure:9088: checking for strings.h
configure:9088: gcc -c -g -O2  conftest.c >&5
configure:9088: $? = 0
configure:9088: result: yes
configure:9088: checking for inttypes.h
configure:9088: gcc -c -g -O2  conftest.c >&5
configure:9088: $? = 0
configure:9088: result: yes
configure:9088: checking for stdint.h
configure:9088: gcc -c -g -O2  conftest.c >&5
configure:9088: $? = 0
configure:9088: result: yes
configure:9088: checking for unistd.h
configure:9088: gcc -c -g -O2  conftest.c >&5
configure:9088: $? = 0
configure:9088: result: yes
configure:9102: checking for dlfcn.h
configure:9102: gcc -c -g -O2  conftest.c >&5
configure:9102: $? = 0
configure:9102: result: yes
configure:9308: checking for objdir
configure:9323: result: .libs
configure:9590: checking if gcc supports -fno-rtti -fno-exceptions
configure:9608: gcc -c -g -O2  -fno-rtti -fno-exceptions conftest.c >&5
cc1: warning: command line option '-fno-rtti' is valid for C++/ObjC++ but not for C
configure:9612: $? = 0
configure:9625: result: no
configure:9952: checking for gcc option to produce PIC
configure:9959: result: -fPIC -DPIC
configure:9967: checking if gcc PIC flag -fPIC -DPIC works
configure:9985: gcc -c -g -O2  -fPIC -DPIC -DPIC conftest.c >&5
configure:9989: $? = 0
configure:10002: result: yes
configure:10031: checking if gcc static flag -static works
configure:10059: result: yes
configure:10074: checking if gcc supports -c -o file.o
configure:10095: gcc -c -g -O2  -o out/conftest2.o conftest.c >&5
configure:10099: $? = 0
configure:10121: result: yes
configure:10129: checking if gcc supports -c -o file.o
configure:10176: result: yes
configure:10209: checking whether the gcc linker (/usr/bin/ld -m elf_x86_64) supports shared libraries
configure:11366: result: yes
configure:11606: checking dynamic linker characteristics
configure:12106: gcc -o conftest -g -O2   -Wl,-rpath -Wl,/foo conftest.c  >&5
configure:12106: $? = 0
configure:12340: result: GNU/Linux ld.so
configure:12447: checking how to hardcode library paths into programs
configure:12472: result: immediate
configure:13012: checking whether stripping libraries is possible
configure:13017: result: yes
configure:13052: checking if libtool supports shared libraries
configure:13054: result: yes
configure:13057: checking whether to build shared libraries
configure:13078: result: no
configure:13081: checking whether to build static libraries
configure:13085: result: yes
configure:13122: checking whether ln -s works
configure:13126: result: yes
configure:13197: checking for pkg-config
configure:13215: found /usr/bin/pkg-config
configure:13227: result: /usr/bin/pkg-config
configure:13252: checking pkg-config is at least version 0.9.0
configure:13255: result: yes
configure:13296: checking size of size_t
configure:13301: gcc -o conftest -g -O2   conftest.c  >&5
configure:13301: $? = 0
configure:13301: ./conftest
configure:13301: $? = 0
configure:13315: result: 8
configure:13347: checking whether compiler supports pointers to undefined structures
configure:13360: gcc -c -g -O2  conftest.c >&5
configure:13360: $? = 0
configure:13361: result: yes
configure:13381: checking whether __SUNPRO_C is declared
configure:13381: gcc -c -O3 -Wall conftest.c >&5
conftest.c: In function 'main':
conftest.c:64:10: error: '__SUNPRO_C' undeclared (first use in this function)
   (void) __SUNPRO_C;
          ^
conftest.c:64:10: note: each undeclared identifier is reported only once for each function it appears in
configure:13381: $? = 1
configure: failed program was:
| /* confdefs.h */
| #define PACKAGE_NAME "mozjpeg"
| #define PACKAGE_TARNAME "mozjpeg"
| #define PACKAGE_VERSION "3.2"
| #define PACKAGE_STRING "mozjpeg 3.2"
| #define PACKAGE_BUGREPORT ""
| #define PACKAGE_URL ""
| #define PACKAGE "mozjpeg"
| #define VERSION "3.2"
| #define STDC_HEADERS 1
| #define HAVE_SYS_TYPES_H 1
| #define HAVE_SYS_STAT_H 1
| #define HAVE_STDLIB_H 1
| #define HAVE_STRING_H 1
| #define HAVE_MEMORY_H 1
| #define HAVE_STRINGS_H 1
| #define HAVE_INTTYPES_H 1
| #define HAVE_STDINT_H 1
| #define HAVE_UNISTD_H 1
| #define HAVE_DLFCN_H 1
| #define LT_OBJDIR ".libs/"
| #define SIZEOF_SIZE_T 8
| /* end confdefs.h.  */
| #include <stdio.h>
| #ifdef HAVE_SYS_TYPES_H
| # include <sys/types.h>
| #endif
| #ifdef HAVE_SYS_STAT_H
| # include <sys/stat.h>
| #endif
| #ifdef STDC_HEADERS
| # include <stdlib.h>
| # include <stddef.h>
| #else
| # ifdef HAVE_STDLIB_H
| #  include <stdlib.h>
| # endif
| #endif
| #ifdef HAVE_STRING_H
| # if !defined STDC_HEADERS && defined HAVE_MEMORY_H
| #  include <memory.h>
| # endif
| # include <string.h>
| #endif
| #ifdef HAVE_STRINGS_H
| # include <strings.h>
| #endif
| #ifdef HAVE_INTTYPES_H
| # include <inttypes.h>
| #endif
| #ifdef HAVE_STDINT_H
| # include <stdint.h>
| #endif
| #ifdef HAVE_UNISTD_H
| # include <unistd.h>
| #endif
| int
| main ()
| {
| #ifndef __SUNPRO_C
| #ifdef __cplusplus
|   (void) __SUNPRO_C;
| #else
|   (void) __SUNPRO_C;
| #endif
| #endif
| 
|   ;
|   return 0;
| }
configure:13381: result: no
configure:13395: checking for pow in -lm
configure:13420: gcc -o conftest -O3 -Wall  conftest.c -lm   >&5
conftest.c:31:6: warning: conflicting types for built-in function 'pow'
 char pow ();
      ^
configure:13420: $? = 0
configure:13429: result: yes
configure:13443: checking for libpng
configure:13450: $PKG_CONFIG --exists --print-errors "libpng"
configure:13453: $? = 0
configure:13467: $PKG_CONFIG --exists --print-errors "libpng"
configure:13470: $? = 0
configure:13652: result: yes
configure:13666: checking for ANSI C header files
configure:13770: result: yes
configure:13781: checking stddef.h usability
configure:13781: gcc -c -O3 -Wall conftest.c >&5
configure:13781: $? = 0
configure:13781: result: yes
configure:13781: checking stddef.h presence
configure:13781: gcc -E -Wall conftest.c
configure:13781: $? = 0
configure:13781: result: yes
configure:13781: checking for stddef.h
configure:13781: result: yes
configure:13781: checking for stdlib.h
configure:13781: result: yes
configure:13781: checking locale.h usability
configure:13781: gcc -c -O3 -Wall conftest.c >&5
configure:13781: $? = 0
configure:13781: result: yes
configure:13781: checking locale.h presence
configure:13781: gcc -E -Wall conftest.c
configure:13781: $? = 0
configure:13781: result: yes
configure:13781: checking for locale.h
configure:13781: result: yes
configure:13781: checking for string.h
configure:13781: result: yes
configure:13791: checking for sys/types.h
configure:13791: result: yes
configure:13801: checking for an ANSI C-conforming const
configure:13867: gcc -c -O3 -Wall conftest.c >&5
configure:13867: $? = 0
configure:13874: result: yes
configure:13882: checking whether char is unsigned
configure:13901: gcc -c -O3 -Wall conftest.c >&5
configure:13901: $? = 0
configure:13908: result: no
configure:13915: checking for inline
configure:13931: gcc -c -O3 -Wall conftest.c >&5
configure:13931: $? = 0
configure:13939: result: inline
configure:13957: checking for size_t
configure:13957: gcc -c -O3 -Wall conftest.c >&5
configure:13957: $? = 0
configure:13957: gcc -c -O3 -Wall conftest.c >&5
conftest.c: In function 'main':
conftest.c:67:21: error: expected expression before ')' token
 if (sizeof ((size_t)))
                     ^
configure:13957: $? = 1
configure: failed program was:
| /* confdefs.h */
| #define PACKAGE_NAME "mozjpeg"
| #define PACKAGE_TARNAME "mozjpeg"
| #define PACKAGE_VERSION "3.2"
| #define PACKAGE_STRING "mozjpeg 3.2"
| #define PACKAGE_BUGREPORT ""
| #define PACKAGE_URL ""
| #define PACKAGE "mozjpeg"
| #define VERSION "3.2"
| #define STDC_HEADERS 1
| #define HAVE_SYS_TYPES_H 1
| #define HAVE_SYS_STAT_H 1
| #define HAVE_STDLIB_H 1
| #define HAVE_STRING_H 1
| #define HAVE_MEMORY_H 1
| #define HAVE_STRINGS_H 1
| #define HAVE_INTTYPES_H 1
| #define HAVE_STDINT_H 1
| #define HAVE_UNISTD_H 1
| #define HAVE_DLFCN_H 1
| #define LT_OBJDIR ".libs/"
| #define SIZEOF_SIZE_T 8
| #define HAVE_LIBM 1
| #define STDC_HEADERS 1
| #define HAVE_STDDEF_H 1
| #define HAVE_STDLIB_H 1
| #define HAVE_LOCALE_H 1
| #define HAVE_STRING_H 1
| #define NEED_SYS_TYPES_H 1
| /* end confdefs.h.  */
| #include <stdio.h>
| #ifdef HAVE_SYS_TYPES_H
| # include <sys/types.h>
| #endif
| #ifdef HAVE_SYS_STAT_H
| # include <sys/stat.h>
| #endif
| #ifdef STDC_HEADERS
| # include <stdlib.h>
| # include <stddef.h>
| #else
| # ifdef HAVE_STDLIB_H
| #  include <stdlib.h>
| # endif
| #endif
| #ifdef HAVE_STRING_H
| # if !defined STDC_HEADERS && defined HAVE_MEMORY_H
| #  include <memory.h>
| # endif
| # include <string.h>
| #endif
| #ifdef HAVE_STRINGS_H
| # include <strings.h>
| #endif
| #ifdef HAVE_INTTYPES_H
| # include <inttypes.h>
| #endif
| #ifdef HAVE_STDINT_H
| # include <stdint.h>
| #endif
| #ifdef HAVE_UNISTD_H
| # include <unistd.h>
| #endif
| int
| main ()
| {
| if (sizeof ((size_t)))
| 	    return 0;
|   ;
|   return 0;
| }
configure:13957: result: yes
configure:13968: checking for unsigned char
configure:13968: gcc -c -O3 -Wall conftest.c >&5
configure:13968: $? = 0
configure:13968: gcc -c -O3 -Wall conftest.c >&5
conftest.c: In function 'main':
conftest.c:67:28: error: expected expression before ')' token
 if (sizeof ((unsigned char)))
                            ^
configure:13968: $? = 1
configure: failed program was:
| /* confdefs.h */
| #define PACKAGE_NAME "mozjpeg"
| #define PACKAGE_TARNAME "mozjpeg"
| #define PACKAGE_VERSION "3.2"
| #define PACKAGE_STRING "mozjpeg 3.2"
| #define PACKAGE_BUGREPORT ""
| #define PACKAGE_URL ""
| #define PACKAGE "mozjpeg"
| #define VERSION "3.2"
| #define STDC_HEADERS 1
| #define HAVE_SYS_TYPES_H 1
| #define HAVE_SYS_STAT_H 1
| #define HAVE_STDLIB_H 1
| #define HAVE_STRING_H 1
| #define HAVE_MEMORY_H 1
| #define HAVE_STRINGS_H 1
| #define HAVE_INTTYPES_H 1
| #define HAVE_STDINT_H 1
| #define HAVE_UNISTD_H 1
| #define HAVE_DLFCN_H 1
| #define LT_OBJDIR ".libs/"
| #define SIZEOF_SIZE_T 8
| #define HAVE_LIBM 1
| #define STDC_HEADERS 1
| #define HAVE_STDDEF_H 1
| #define HAVE_STDLIB_H 1
| #define HAVE_LOCALE_H 1
| #define HAVE_STRING_H 1
| #define NEED_SYS_TYPES_H 1
| /* end confdefs.h.  */
| #include <stdio.h>
| #ifdef HAVE_SYS_TYPES_H
| # include <sys/types.h>
| #endif
| #ifdef HAVE_SYS_STAT_H
| # include <sys/stat.h>
| #endif
| #ifdef STDC_HEADERS
| # include <stdlib.h>
| # include <stddef.h>
| #else
| # ifdef HAVE_STDLIB_H
| #  include <stdlib.h>
| # endif
| #endif
| #ifdef HAVE_STRING_H
| # if !defined STDC_HEADERS && defined HAVE_MEMORY_H
| #  include <memory.h>
| # endif
| # include <string.h>
| #endif
| #ifdef HAVE_STRINGS_H
| # include <strings.h>
| #endif
| #ifdef HAVE_INTTYPES_H
| # include <inttypes.h>
| #endif
| #ifdef HAVE_STDINT_H
| # include <stdint.h>
| #endif
| #ifdef HAVE_UNISTD_H
| # include <unistd.h>
| #endif
| int
| main ()
| {
| if (sizeof ((unsigned char)))
| 	    return 0;
|   ;
|   return 0;
| }
configure:13968: result: yes
configure:13977: checking for unsigned short
configure:13977: gcc -c -O3 -Wall conftest.c >&5
configure:13977: $? = 0
configure:13977: gcc -c -O3 -Wall conftest.c >&5
conftest.c: In function 'main':
conftest.c:68:29: error: expected expression before ')' token
 if (sizeof ((unsigned short)))
                             ^
configure:13977: $? = 1
configure: failed program was:
| /* confdefs.h */
| #define PACKAGE_NAME "mozjpeg"
| #define PACKAGE_TARNAME "mozjpeg"
| #define PACKAGE_VERSION "3.2"
| #define PACKAGE_STRING "mozjpeg 3.2"
| #define PACKAGE_BUGREPORT ""
| #define PACKAGE_URL ""
| #define PACKAGE "mozjpeg"
| #define VERSION "3.2"
| #define STDC_HEADERS 1
| #define HAVE_SYS_TYPES_H 1
| #define HAVE_SYS_STAT_H 1
| #define HAVE_STDLIB_H 1
| #define HAVE_STRING_H 1
| #define HAVE_MEMORY_H 1
| #define HAVE_STRINGS_H 1
| #define HAVE_INTTYPES_H 1
| #define HAVE_STDINT_H 1
| #define HAVE_UNISTD_H 1
| #define HAVE_DLFCN_H 1
| #define LT_OBJDIR ".libs/"
| #define SIZEOF_SIZE_T 8
| #define HAVE_LIBM 1
| #define STDC_HEADERS 1
| #define HAVE_STDDEF_H 1
| #define HAVE_STDLIB_H 1
| #define HAVE_LOCALE_H 1
| #define HAVE_STRING_H 1
| #define NEED_SYS_TYPES_H 1
| #define HAVE_UNSIGNED_CHAR 1
| /* end confdefs.h.  */
| #include <stdio.h>
| #ifdef HAVE_SYS_TYPES_H
| # include <sys/types.h>
| #endif
| #ifdef HAVE_SYS_STAT_H
| # include <sys/stat.h>
| #endif
| #ifdef STDC_HEADERS
| # include <stdlib.h>
| # include <stddef.h>
| #else
| # ifdef HAVE_STDLIB_H
| #  include <stdlib.h>
| # endif
| #endif
| #ifdef HAVE_STRING_H
| # if !defined STDC_HEADERS && defined HAVE_MEMORY_H
| #  include <memory.h>
| # endif
| # include <string.h>
| #endif
| #ifdef HAVE_STRINGS_H
| # include <strings.h>
| #endif
| #ifdef HAVE_INTTYPES_H
| # include <inttypes.h>
| #endif
| #ifdef HAVE_STDINT_H
| # include <stdint.h>
| #endif
| #ifdef HAVE_UNISTD_H
| # include <unistd.h>
| #endif
| int
| main ()
| {
| if (sizeof ((unsigned short)))
| 	    return 0;
|   ;
|   return 0;
| }
configure:13977: result: yes
configure:13988: checking if right shift is signed
configure:14017: gcc -o conftest -O3 -Wall  conftest.c -lm  >&5
conftest.c: In function 'main':
conftest.c:51:6: warning: implicit declaration of function 'exit' [-Wimplicit-function-declaration]
      exit(is_shifting_signed(-0x7F7E80B1L));
      ^
conftest.c:51:6: warning: incompatible implicit declaration of built-in function 'exit'
configure:14017: $? = 0
configure:14017: ./conftest
configure:14017: $? = 1
configure: program exited with status 1
configure: failed program was:
| /* confdefs.h */
| #define PACKAGE_NAME "mozjpeg"
| #define PACKAGE_TARNAME "mozjpeg"
| #define PACKAGE_VERSION "3.2"
| #define PACKAGE_STRING "mozjpeg 3.2"
| #define PACKAGE_BUGREPORT ""
| #define PACKAGE_URL ""
| #define PACKAGE "mozjpeg"
| #define VERSION "3.2"
| #define STDC_HEADERS 1
| #define HAVE_SYS_TYPES_H 1
| #define HAVE_SYS_STAT_H 1
| #define HAVE_STDLIB_H 1
| #define HAVE_STRING_H 1
| #define HAVE_MEMORY_H 1
| #define HAVE_STRINGS_H 1
| #define HAVE_INTTYPES_H 1
| #define HAVE_STDINT_H 1
| #define HAVE_UNISTD_H 1
| #define HAVE_DLFCN_H 1
| #define LT_OBJDIR ".libs/"
| #define SIZEOF_SIZE_T 8
| #define HAVE_LIBM 1
| #define STDC_HEADERS 1
| #define HAVE_STDDEF_H 1
| #define HAVE_STDLIB_H 1
| #define HAVE_LOCALE_H 1
| #define HAVE_STRING_H 1
| #define NEED_SYS_TYPES_H 1
| #define HAVE_UNSIGNED_CHAR 1
| #define HAVE_UNSIGNED_SHORT 1
| /* end confdefs.h.  */
| #include <stdio.h>
|    int is_shifting_signed (long arg) {
|      long res = arg >> 4;
| 
|      if (res == -0x7F7E80CL)
|        return 1; /* right shift is signed */
| 
|      /* see if unsigned-shift hack will fix it. */
|      /* we can't just test exact value since it depends on width of long... */
|      res |= (~0L) << (32-4);
|      if (res == -0x7F7E80CL)
|        return 0; /* right shift is unsigned */
| 
|      printf("Right shift isn't acting as I expect it to.\n");
|      printf("I fear the JPEG software will not work at all.\n\n");
|      return 0; /* try it with unsigned anyway */
|    }
|    int main (void) {
|      exit(is_shifting_signed(-0x7F7E80B1L));
|    }
configure:14024: result: yes
configure:14036: checking for memset
configure:14036: gcc -o conftest -O3 -Wall  conftest.c -lm  >&5
conftest.c:56:6: warning: conflicting types for built-in function 'memset'
 char memset ();
      ^
configure:14036: $? = 0
configure:14036: result: yes
configure:14036: checking for memcpy
configure:14036: gcc -o conftest -O3 -Wall  conftest.c -lm  >&5
conftest.c:57:6: warning: conflicting types for built-in function 'memcpy'
 char memcpy ();
      ^
configure:14036: $? = 0
configure:14036: result: yes
configure:14050: checking libjpeg API version
configure:14078: result: 8.0
configure:14130: checking libjpeg shared library version
configure:14132: result: 8.1.2
configure:14168: checking whether the linker supports version scripts
configure:14188: gcc -o conftest -O3 -Wall  -Wl,--version-script,conftest.map conftest.c -lm  >&5
configure:14188: $? = 0
configure:14190: result: yes (GNU style)
configure:14223: checking whether to use version script when building mozjpeg
configure:14225: result: yes
configure:14239: checking for inline
configure:14254: gcc -c -O3 -Wall conftest.c >&5
conftest.c: In function 'main':
conftest.c:42:1: warning: control reaches end of non-void function [-Wreturn-type]
 } inline __attribute__((always_inline)) int foo() { return 0; }
 ^
configure:14254: $? = 0
configure:14309: result: inline __attribute__((always_inline))
configure:14318: checking whether to include arithmetic encoding support
configure:14340: result: yes
configure:14352: checking whether to include arithmetic decoding support
configure:14374: result: yes
configure:14396: checking whether to use 12-bit samples
configure:14411: result: no
configure:14424: checking whether to build TurboJPEG C wrapper
configure:14440: result: yes
configure:14464: checking whether to build TurboJPEG Java wrapper
configure:14520: result: no
configure:14570: checking if we have SIMD optimisations for cpu type
configure:14574: result: yes (x86_64)
configure:14584: checking for nasm
configure:14614: result: no
configure:14584: checking for nasmw
configure:14614: result: no
configure:14584: checking for yasm
configure:14614: result: no
configure:14622: error: no nasm (Netwide Assembler) found

## ---------------- ##
## Cache variables. ##
## ---------------- ##

ac_cv_build=x86_64-unknown-linux-gnu
ac_cv_c_char_unsigned=no
ac_cv_c_compiler_gnu=yes
ac_cv_c_const=yes
ac_cv_c_inline=inline
ac_cv_env_CCASFLAGS_set=
ac_cv_env_CCASFLAGS_value=
ac_cv_env_CCAS_set=
ac_cv_env_CCAS_value=
ac_cv_env_CC_set=
ac_cv_env_CC_value=
ac_cv_env_CFLAGS_set=
ac_cv_env_CFLAGS_value=
ac_cv_env_CPPFLAGS_set=
ac_cv_env_CPPFLAGS_value=
ac_cv_env_CPP_set=
ac_cv_env_CPP_value=
ac_cv_env_JAR_set=
ac_cv_env_JAR_value=
ac_cv_env_JAVACFLAGS_set=
ac_cv_env_JAVACFLAGS_value=
ac_cv_env_JAVAC_set=
ac_cv_env_JAVAC_value=
ac_cv_env_JAVA_set=
ac_cv_env_JAVA_value=
ac_cv_env_JNI_CFLAGS_set=
ac_cv_env_JNI_CFLAGS_value=
ac_cv_env_JPEG_LIB_VERSION_set=
ac_cv_env_JPEG_LIB_VERSION_value=
ac_cv_env_LDFLAGS_set=
ac_cv_env_LDFLAGS_value=
ac_cv_env_LIBS_set=
ac_cv_env_LIBS_value=
ac_cv_env_NASM_set=
ac_cv_env_NASM_value=
ac_cv_env_PKGNAME_set=
ac_cv_env_PKGNAME_value=
ac_cv_env_PKG_CONFIG_LIBDIR_set=
ac_cv_env_PKG_CONFIG_LIBDIR_value=
ac_cv_env_PKG_CONFIG_PATH_set=
ac_cv_env_PKG_CONFIG_PATH_value=
ac_cv_env_PKG_CONFIG_set=
ac_cv_env_PKG_CONFIG_value=
ac_cv_env_SO_MAJOR_VERSION_set=
ac_cv_env_SO_MAJOR_VERSION_value=
ac_cv_env_SO_MINOR_VERSION_set=
ac_cv_env_SO_MINOR_VERSION_value=
ac_cv_env_build_alias_set=
ac_cv_env_build_alias_value=
ac_cv_env_host_alias_set=
ac_cv_env_host_alias_value=
ac_cv_env_libpng_CFLAGS_set=
ac_cv_env_libpng_CFLAGS_value=
ac_cv_env_libpng_LIBS_set=
ac_cv_env_libpng_LIBS_value=
ac_cv_env_target_alias_set=
ac_cv_env_target_alias_value=
ac_cv_func_memcpy=yes
ac_cv_func_memset=yes
ac_cv_have_decl___SUNPRO_C=no
ac_cv_header_dlfcn_h=yes
ac_cv_header_inttypes_h=yes
ac_cv_header_locale_h=yes
ac_cv_header_memory_h=yes
ac_cv_header_stdc=yes
ac_cv_header_stddef_h=yes
ac_cv_header_stdint_h=yes
ac_cv_header_stdlib_h=yes
ac_cv_header_string_h=yes
ac_cv_header_strings_h=yes
ac_cv_header_sys_stat_h=yes
ac_cv_header_sys_types_h=yes
ac_cv_header_unistd_h=yes
ac_cv_host=x86_64-unknown-linux-gnu
ac_cv_lib_m_pow=yes
ac_cv_objext=o
ac_cv_path_EGREP='/bin/grep -E'
ac_cv_path_FGREP='/bin/grep -F'
ac_cv_path_GREP=/bin/grep
ac_cv_path_SED=/bin/sed
ac_cv_path_ac_pt_PKG_CONFIG=/usr/bin/pkg-config
ac_cv_path_install='/usr/bin/install -c'
ac_cv_path_mkdir=/bin/mkdir
ac_cv_prog_AWK=mawk
ac_cv_prog_CPP='gcc -E'
ac_cv_prog_ac_ct_AR=ar
ac_cv_prog_ac_ct_CC=gcc
ac_cv_prog_ac_ct_OBJDUMP=objdump
ac_cv_prog_ac_ct_RANLIB=ranlib
ac_cv_prog_ac_ct_STRIP=strip
ac_cv_prog_cc_c89=
ac_cv_prog_cc_g=yes
ac_cv_prog_make_make_set=yes
ac_cv_sizeof_size_t=8
ac_cv_type_size_t=yes
ac_cv_type_unsigned_char=yes
ac_cv_type_unsigned_short=yes
am_cv_CCAS_dependencies_compiler_type=none
am_cv_CC_dependencies_compiler_type=none
am_cv_ar_interface=ar
am_cv_make_support_nested_variables=yes
am_cv_prog_cc_c_o=yes
ljt_cv_inline='inline __attribute__((always_inline))'
lt_cv_ar_at_file=@
lt_cv_deplibs_check_method=pass_all
lt_cv_file_magic_cmd='$MAGIC_CMD'
lt_cv_file_magic_test_file=
lt_cv_ld_reload_flag=-r
lt_cv_nm_interface='BSD nm'
lt_cv_objdir=.libs
lt_cv_path_LD=/usr/bin/ld
lt_cv_path_NM='/usr/bin/nm -B'
lt_cv_path_mainfest_tool=no
lt_cv_prog_compiler_c_o=yes
lt_cv_prog_compiler_pic='-fPIC -DPIC'
lt_cv_prog_compiler_pic_works=yes
lt_cv_prog_compiler_rtti_exceptions=no
lt_cv_prog_compiler_static_works=yes
lt_cv_prog_gnu_ld=yes
lt_cv_sharedlib_from_linklib_cmd='printf %s\n'
lt_cv_shlibpath_overrides_runpath=no
lt_cv_sys_global_symbol_pipe='sed -n -e '\''s/^.*[	 ]\([ABCDGIRSTW][ABCDGIRSTW]*\)[	 ][	 ]*\([_A-Za-z][_A-Za-z0-9]*\)$/\1 \2 \2/p'\'' | sed '\''/ __gnu_lto/d'\'''
lt_cv_sys_global_symbol_to_c_name_address='sed -n -e '\''s/^: \([^ ]*\)[ ]*$/  {\"\1\", (void *) 0},/p'\'' -e '\''s/^[ABCDGIRSTW]* \([^ ]*\) \([^ ]*\)$/  {"\2", (void *) \&\2},/p'\'''
lt_cv_sys_global_symbol_to_c_name_address_lib_prefix='sed -n -e '\''s/^: \([^ ]*\)[ ]*$/  {\"\1\", (void *) 0},/p'\'' -e '\''s/^[ABCDGIRSTW]* \([^ ]*\) \(lib[^ ]*\)$/  {"\2", (void *) \&\2},/p'\'' -e '\''s/^[ABCDGIRSTW]* \([^ ]*\) \([^ ]*\)$/  {"lib\2", (void *) \&\2},/p'\'''
lt_cv_sys_global_symbol_to_cdecl='sed -n -e '\''s/^T .* \(.*\)$/extern int \1();/p'\'' -e '\''s/^[ABCDGIRSTW]* .* \(.*\)$/extern char \1;/p'\'''
lt_cv_sys_max_cmd_len=1572864
lt_cv_to_host_file_cmd=func_convert_file_noop
lt_cv_to_tool_file_cmd=func_convert_file_noop
pkg_cv_libpng_CFLAGS='-I/usr/include/libpng12 '
pkg_cv_libpng_LIBS='-lpng12 '

## ----------------- ##
## Output variables. ##
## ----------------- ##

ACLOCAL='${SHELL} /app/node_modules/mozjpeg/399daae4-db24-4415-b3f0-a529113b8598/missing aclocal-1.14'
AMDEPBACKSLASH=''
AMDEP_FALSE=''
AMDEP_TRUE='#'
AMTAR='$${TAR-tar}'
AM_BACKSLASH='\'
AM_DEFAULT_V='$(AM_DEFAULT_VERBOSITY)'
AM_DEFAULT_VERBOSITY='0'
AM_V='$(V)'
AR='ar'
AUTOCONF='${SHELL} /app/node_modules/mozjpeg/399daae4-db24-4415-b3f0-a529113b8598/missing autoconf'
AUTOHEADER='${SHELL} /app/node_modules/mozjpeg/399daae4-db24-4415-b3f0-a529113b8598/missing autoheader'
AUTOMAKE='${SHELL} /app/node_modules/mozjpeg/399daae4-db24-4415-b3f0-a529113b8598/missing automake-1.14'
AWK='mawk'
BUILD='20230726'
CC='gcc'
CCAS='gcc'
CCASDEPMODE='depmode=none'
CCASFLAGS='-g -O2'
CCDEPMODE='depmode=none'
CFLAGS='-O3'
CPP='gcc -E'
CPPFLAGS='-Wall'
CROSS_COMPILING_FALSE=''
CROSS_COMPILING_TRUE=''
CYGPATH_W='echo'
DEBARCH=''
DEFS=''
DEPDIR='.deps'
DLLTOOL='false'
DSYMUTIL=''
DUMPBIN=''
ECHO_C=''
ECHO_N='-n'
ECHO_T=''
EGREP='/bin/grep -E'
EXEEXT=''
FGREP='/bin/grep -F'
GREP='/bin/grep'
HAVE_LIBPNG_FALSE='#'
HAVE_LIBPNG_TRUE=''
INSTALL_DATA='${INSTALL} -m 644'
INSTALL_PROGRAM='${INSTALL}'
INSTALL_SCRIPT='${INSTALL}'
INSTALL_STRIP_PROGRAM='$(install_sh) -c -s'
JAR='jar'
JAVA='java'
JAVAC='javac'
JAVACFLAGS=''
JAVA_RPM_CONTENTS_1=''
JAVA_RPM_CONTENTS_2=''
JNI_CFLAGS=''
JPEG_LIB_VERSION='80'
JPEG_LIB_VERSION_DECIMAL='8.0'
LD='/usr/bin/ld -m elf_x86_64'
LDFLAGS=''
LIBOBJS=''
LIBS='-lm '
LIBTOOL='$(SHELL) $(top_builddir)/libtool'
LIBTOOL_CURRENT='9'
LIPO=''
LN_S='ln -s'
LTLIBOBJS=''
MAKEINFO='${SHELL} /app/node_modules/mozjpeg/399daae4-db24-4415-b3f0-a529113b8598/missing makeinfo'
MANIFEST_TOOL=':'
MEM_SRCDST_FUNCTIONS=''
MKDIR_P='/bin/mkdir -p'
NAFLAGS=''
NASM=''
NM='/usr/bin/nm -B'
NMEDIT=''
OBJDUMP='objdump'
OBJEXT='o'
OTOOL64=''
OTOOL=''
PACKAGE='mozjpeg'
PACKAGE_BUGREPORT=''
PACKAGE_NAME='mozjpeg'
PACKAGE_STRING='mozjpeg 3.2'
PACKAGE_TARNAME='mozjpeg'
PACKAGE_URL=''
PACKAGE_VERSION='3.2'
PATH_SEPARATOR=':'
PKGNAME=''
PKG_CONFIG='/usr/bin/pkg-config'
PKG_CONFIG_LIBDIR=''
PKG_CONFIG_PATH=''
RANLIB='ranlib'
RPMARCH=''
RPM_CONFIG_ARGS=''
SED='/bin/sed'
SET_MAKE=''
SHELL='/bin/bash'
SIMD_ARM_64_FALSE=''
SIMD_ARM_64_TRUE=''
SIMD_ARM_FALSE=''
SIMD_ARM_TRUE=''
SIMD_I386_FALSE=''
SIMD_I386_TRUE=''
SIMD_MIPS_FALSE=''
SIMD_MIPS_TRUE=''
SIMD_POWERPC_FALSE=''
SIMD_POWERPC_TRUE=''
SIMD_X86_64_FALSE=''
SIMD_X86_64_TRUE=''
SO_AGE='1'
SO_MAJOR_VERSION='8'
SO_MINOR_VERSION='2'
STRIP='strip'
VERSION='3.2'
VERSION_SCRIPT_FALSE='#'
VERSION_SCRIPT_FLAG='-Wl,--version-script,'
VERSION_SCRIPT_TRUE=''
WITH_12BIT_FALSE=''
WITH_12BIT_TRUE='#'
WITH_ARITH_DEC_FALSE='#'
WITH_ARITH_DEC_TRUE=''
WITH_ARITH_ENC_FALSE='#'
WITH_ARITH_ENC_TRUE=''
WITH_ARITH_FALSE='#'
WITH_ARITH_TRUE=''
WITH_JAVA='0'
WITH_JAVA_FALSE=''
WITH_JAVA_TRUE='#'
WITH_SIMD_FALSE=''
WITH_SIMD_TRUE=''
WITH_SSE_FLOAT_DCT_FALSE=''
WITH_SSE_FLOAT_DCT_TRUE=''
WITH_TURBOJPEG_FALSE=''
WITH_TURBOJPEG_TRUE=''
X86_64_FALSE=''
X86_64_TRUE=''
ac_ct_AR='ar'
ac_ct_CC='gcc'
ac_ct_DUMPBIN=''
am__EXEEXT_FALSE=''
am__EXEEXT_TRUE=''
am__fastdepCCAS_FALSE=''
am__fastdepCCAS_TRUE='#'
am__fastdepCC_FALSE=''
am__fastdepCC_TRUE='#'
am__include='include'
am__isrc=''
am__leading_dot='.'
am__nodep=''
am__quote=''
am__tar='$${TAR-tar} chof - "$$tardir"'
am__untar='$${TAR-tar} xf -'
bindir='/app/node_modules/mozjpeg/vendor'
build='x86_64-unknown-linux-gnu'
build_alias=''
build_cpu='x86_64'
build_os='linux-gnu'
build_vendor='unknown'
datadir='${datarootdir}'
datarootdir='${prefix}/share'
docdir='${datarootdir}/doc/${PACKAGE_TARNAME}'
dvidir='${docdir}'
exec_prefix='NONE'
host='x86_64-unknown-linux-gnu'
host_alias=''
host_cpu='x86_64'
host_os='linux-gnu'
host_vendor='unknown'
htmldir='${docdir}'
includedir='${prefix}/include'
infodir='${datarootdir}/info'
install_sh='${SHELL} /app/node_modules/mozjpeg/399daae4-db24-4415-b3f0-a529113b8598/install-sh'
libdir='/app/node_modules/mozjpeg/vendor'
libexecdir='${exec_prefix}/libexec'
libpng_CFLAGS='-I/usr/include/libpng12 '
libpng_LIBS='-lpng12 '
localedir='${datarootdir}/locale'
localstatedir='${prefix}/var'
mandir='${datarootdir}/man'
mkdir_p='$(MKDIR_P)'
oldincludedir='/usr/include'
pdfdir='${docdir}'
prefix='/app/node_modules/mozjpeg/vendor'
program_transform_name='s,x,x,'
psdir='${docdir}'
sbindir='${exec_prefix}/sbin'
sharedstatedir='${prefix}/com'
sysconfdir='${prefix}/etc'
target_alias=''

## ----------- ##
## confdefs.h. ##
## ----------- ##

/* confdefs.h */
#define PACKAGE_NAME "mozjpeg"
#define PACKAGE_TARNAME "mozjpeg"
#define PACKAGE_VERSION "3.2"
#define PACKAGE_STRING "mozjpeg 3.2"
#define PACKAGE_BUGREPORT ""
#define PACKAGE_URL ""
#define PACKAGE "mozjpeg"
#define VERSION "3.2"
#define STDC_HEADERS 1
#define HAVE_SYS_TYPES_H 1
#define HAVE_SYS_STAT_H 1
#define HAVE_STDLIB_H 1
#define HAVE_STRING_H 1
#define HAVE_MEMORY_H 1
#define HAVE_STRINGS_H 1
#define HAVE_INTTYPES_H 1
#define HAVE_STDINT_H 1
#define HAVE_UNISTD_H 1
#define HAVE_DLFCN_H 1
#define LT_OBJDIR ".libs/"
#define SIZEOF_SIZE_T 8
#define HAVE_LIBM 1
#define STDC_HEADERS 1
#define HAVE_STDDEF_H 1
#define HAVE_STDLIB_H 1
#define HAVE_LOCALE_H 1
#define HAVE_STRING_H 1
#define NEED_SYS_TYPES_H 1
#define HAVE_UNSIGNED_CHAR 1
#define HAVE_UNSIGNED_SHORT 1
#define HAVE_MEMSET 1
#define HAVE_MEMCPY 1
#define JPEG_LIB_VERSION 80
#define MOZJPEG_VERSION 3.2
#define LIBJPEG_TURBO_VERSION_NUMBER 3002000
#define INLINE inline __attribute__((always_inline))
#define C_ARITH_CODING_SUPPORTED 1
#define D_ARITH_CODING_SUPPORTED 1

configure: exit 1
